{"target": -12.4780129010131, "params": {"x": -1.2662205459144347, "y": -2.445968431387213}, "datetime": {"datetime": "2020-10-29 00:37:01", "elapsed": 0.0, "delta": 0.0}}
{"target": -3.8540423116243687, "params": {"x": -1.0686989431116456, "y": -0.9266356377417138}, "datetime": {"datetime": "2020-10-29 00:37:01", "elapsed": 0.002992, "delta": 0.002992}}
{"target": -3.5943050589580174, "params": {"x": 0.7709118360474283, "y": 3.0}, "datetime": {"datetime": "2020-10-29 00:37:01", "elapsed": 0.139622, "delta": 0.13663}}
{"target": 0.8236523424454392, "params": {"x": 0.03431249237600048, "y": 1.4185335236531331}, "datetime": {"datetime": "2020-10-29 00:37:01", "elapsed": 0.281242, "delta": 0.14162}}
{"target": 0.9720894560275599, "params": {"x": -0.10508092740921937, "y": 0.8701210460957649}, "datetime": {"datetime": "2020-10-29 00:37:01", "elapsed": 0.448049, "delta": 0.166807}}
{"target": 0.4112969792763035, "params": {"x": -0.016162628846650318, "y": 0.23290040402014167}, "datetime": {"datetime": "2020-10-29 00:37:03", "elapsed": 1.94371, "delta": 1.495661}}
{"target": 0.9783977904015498, "params": {"x": 0.09597257201647391, "y": 1.1113170023805568}, "datetime": {"datetime": "2020-10-29 00:37:03", "elapsed": 1.944705, "delta": 0.000995}}
{"target": 0.9370915604299141, "params": {"x": -0.1956338813999173, "y": 1.1569580326663436}, "datetime": {"datetime": "2020-10-29 00:37:03", "elapsed": 2.114252, "delta": 0.169547}}
{"target": 0.9813778259158451, "params": {"x": 0.08968188626208064, "y": 0.8971441136315954}, "datetime": {"datetime": "2020-10-29 00:37:03", "elapsed": 2.512212, "delta": 0.39796}}
{"target": 0.9978970992168126, "params": {"x": -0.036777349333625, "y": 1.0273921039567955}, "datetime": {"datetime": "2020-10-29 00:37:04", "elapsed": 2.884559, "delta": 0.372347}}
{"target": 0.9999209185047564, "params": {"x": -0.001385473773082735, "y": 0.991215812065549}, "datetime": {"datetime": "2020-10-29 00:42:48", "elapsed": 347.558538, "delta": 344.673979}}
{"target": 0.9995122916036583, "params": {"x": -0.016934417244898636, "y": 0.985824884165643}, "datetime": {"datetime": "2020-10-29 00:42:49", "elapsed": 348.269316, "delta": 0.710778}}
{"target": 0.9993368577424031, "params": {"x": -0.02257875114190444, "y": 1.012383143965443}, "datetime": {"datetime": "2020-10-29 00:42:49", "elapsed": 348.727665, "delta": 0.458349}}
{"target": 0.9999945894833335, "params": {"x": 0.00048089927389538545, "y": 1.0022757971251615}, "datetime": {"datetime": "2020-10-29 00:42:50", "elapsed": 349.244681, "delta": 0.517016}}
{"target": 0.9991533309333622, "params": {"x": -0.00868568421330762, "y": 1.0277709912747905}, "datetime": {"datetime": "2020-10-29 00:42:50", "elapsed": 349.66946, "delta": 0.424779}}
{"target": 0.9991533309333622, "params": {"x": -0.00868568421330762, "y": 1.0277709912747905}, "datetime": {"datetime": "2020-10-29 00:42:52", "elapsed": 351.732547, "delta": 2.063087}}
{"target": 0.9991533309333622, "params": {"x": -0.00868568421330762, "y": 1.0277709912747905}, "datetime": {"datetime": "2020-10-29 00:42:52", "elapsed": 351.734542, "delta": 0.001995}}
{"target": 0.9984628102626378, "params": {"x": 0.038859117229422147, "y": 0.9947885946701263}, "datetime": {"datetime": "2020-10-29 00:43:13", "elapsed": 372.341653, "delta": 20.607111}}
{"target": 0.9987923217407859, "params": {"x": 0.0343746214227556, "y": 0.9948947418031668}, "datetime": {"datetime": "2020-10-29 00:43:14", "elapsed": 372.879158, "delta": 0.537505}}
{"target": 0.9992272250344123, "params": {"x": -0.021269631459051475, "y": 1.0178990989489378}, "datetime": {"datetime": "2020-10-29 00:43:14", "elapsed": 373.328893, "delta": 0.449735}}
{"target": 0.9992252546482483, "params": {"x": -0.005653749225223326, "y": 0.9727460008173114}, "datetime": {"datetime": "2020-10-29 00:43:15", "elapsed": 373.800587, "delta": 0.471694}}
{"target": 0.9997860916338469, "params": {"x": 0.0024356071677917868, "y": 0.9855786205972779}, "datetime": {"datetime": "2020-10-29 00:43:15", "elapsed": 374.110755, "delta": 0.310168}}
{"target": 0.9997860916338469, "params": {"x": 0.0024356071677917868, "y": 0.9855786205972779}, "datetime": {"datetime": "2020-10-29 00:43:17", "elapsed": 376.097547, "delta": 1.986792}}
{"target": 0.9997860916338469, "params": {"x": 0.0024356071677917868, "y": 0.9855786205972779}, "datetime": {"datetime": "2020-10-29 00:43:17", "elapsed": 376.099558, "delta": 0.002011}}
